android/app/build/intermediates/manifest_merge_blame_file/debug/manifest-merger-blame-debug-report.txt
1<?xml version="1.0" encoding="utf-8"?>
2<manifest xmlns:android="http://schemas.android.com/apk/res/android"
3    package="com.guardioesapp"
4    android:versionCode="55"
5    android:versionName="3.2.7" >
6
7    <uses-sdk
8        android:minSdkVersion="21"
9        android:targetSdkVersion="30" />
10
11    <uses-permission android:name="android.permission.SYSTEM_ALERT_WINDOW" />
11-->src/main/AndroidManifest.xml:6:5-78
11-->src/main/AndroidManifest.xml:6:22-75
12    <uses-permission android:name="android.permission.INTERNET" />
12-->src/main/AndroidManifest.xml:4:5-67
12-->src/main/AndroidManifest.xml:4:22-64
13    <uses-permission android:name="android.permission.ACCESS_NETWORK_STATE" />
13-->src/main/AndroidManifest.xml:5:5-79
13-->src/main/AndroidManifest.xml:5:22-76
14    <uses-permission android:name="android.permission.ACCESS_FINE_LOCATION" />
14-->src/main/AndroidManifest.xml:7:5-79
14-->src/main/AndroidManifest.xml:7:22-76
15    <uses-permission android:name="android.permission.CAMERA" />
15-->src/main/AndroidManifest.xml:8:5-65
15-->src/main/AndroidManifest.xml:8:22-62
16    <uses-permission android:name="android.permission.WRITE_EXTERNAL_STORAGE" />
16-->src/main/AndroidManifest.xml:9:5-81
16-->src/main/AndroidManifest.xml:9:22-78
17    <uses-permission android:name="android.permission.ACCESS_WIFI_STATE" />
17-->[:react-native-community_netinfo] AndroidManifest.xml:10:5-76
17-->[:react-native-community_netinfo] AndroidManifest.xml:10:22-73
18    <uses-permission android:name="android.permission.ACCESS_COARSE_LOCATION" /> <!-- Create a unique permission for your app and use it so only your app can receive your OneSignal messages. -->
18-->[:react-native-geolocation-service] AndroidManifest.xml:11:5-81
18-->[:react-native-geolocation-service] AndroidManifest.xml:11:22-78
19    <permission
19-->[com.onesignal:OneSignal:4.6.3] AndroidManifest.xml:7:5-9:47
20        android:name="com.guardioesapp.permission.C2D_MESSAGE"
20-->[com.onesignal:OneSignal:4.6.3] AndroidManifest.xml:8:9-63
21        android:protectionLevel="signature" />
21-->[com.onesignal:OneSignal:4.6.3] AndroidManifest.xml:9:9-44
22
23    <uses-permission android:name="com.guardioesapp.permission.C2D_MESSAGE" /> <!-- c2dm RECEIVE are basic requirements for push messages through Google's FCM -->
23-->[com.onesignal:OneSignal:4.6.3] AndroidManifest.xml:11:5-79
23-->[com.onesignal:OneSignal:4.6.3] AndroidManifest.xml:11:22-76
24    <uses-permission android:name="com.google.android.c2dm.permission.RECEIVE" /> <!-- Required, makes sure notifications are delivered on time. -->
24-->[com.onesignal:OneSignal:4.6.3] AndroidManifest.xml:17:5-82
24-->[com.onesignal:OneSignal:4.6.3] AndroidManifest.xml:17:22-79
25    <uses-permission android:name="android.permission.WAKE_LOCK" />
25-->[com.onesignal:OneSignal:4.6.3] AndroidManifest.xml:18:5-68
25-->[com.onesignal:OneSignal:4.6.3] AndroidManifest.xml:18:22-65
26    <!--
27 Required so the device vibrates on receiving a push notification.
28         Vibration settings of the device still apply.
29    -->
30    <uses-permission android:name="android.permission.VIBRATE" />
30-->[com.onesignal:OneSignal:4.6.3] AndroidManifest.xml:23:5-66
30-->[com.onesignal:OneSignal:4.6.3] AndroidManifest.xml:23:22-63
31    <!--
32 Use to restore notifications the user hasn't interacted with.
33         They could be missed notifications if the user reboots their device if this isn't in place.
34    -->
35    <uses-permission android:name="android.permission.RECEIVE_BOOT_COMPLETED" /> <!-- START: ShortcutBadger -->
35-->[com.onesignal:OneSignal:4.6.3] AndroidManifest.xml:29:5-81
35-->[com.onesignal:OneSignal:4.6.3] AndroidManifest.xml:29:22-78
36    <!-- Samsung -->
37    <uses-permission android:name="com.sec.android.provider.badge.permission.READ" />
37-->[com.onesignal:OneSignal:4.6.3] AndroidManifest.xml:31:5-86
37-->[com.onesignal:OneSignal:4.6.3] AndroidManifest.xml:31:22-83
38    <uses-permission android:name="com.sec.android.provider.badge.permission.WRITE" /> <!-- HTC -->
38-->[com.onesignal:OneSignal:4.6.3] AndroidManifest.xml:32:5-87
38-->[com.onesignal:OneSignal:4.6.3] AndroidManifest.xml:32:22-84
39    <uses-permission android:name="com.htc.launcher.permission.READ_SETTINGS" />
39-->[com.onesignal:OneSignal:4.6.3] AndroidManifest.xml:33:5-81
39-->[com.onesignal:OneSignal:4.6.3] AndroidManifest.xml:33:22-78
40    <uses-permission android:name="com.htc.launcher.permission.UPDATE_SHORTCUT" /> <!-- Sony -->
40-->[com.onesignal:OneSignal:4.6.3] AndroidManifest.xml:34:5-83
40-->[com.onesignal:OneSignal:4.6.3] AndroidManifest.xml:34:22-80
41    <uses-permission android:name="com.sonyericsson.home.permission.BROADCAST_BADGE" />
41-->[com.onesignal:OneSignal:4.6.3] AndroidManifest.xml:35:5-88
41-->[com.onesignal:OneSignal:4.6.3] AndroidManifest.xml:35:22-85
42    <uses-permission android:name="com.sonymobile.home.permission.PROVIDER_INSERT_BADGE" /> <!-- Apex -->
42-->[com.onesignal:OneSignal:4.6.3] AndroidManifest.xml:36:5-92
42-->[com.onesignal:OneSignal:4.6.3] AndroidManifest.xml:36:22-89
43    <uses-permission android:name="com.anddoes.launcher.permission.UPDATE_COUNT" /> <!-- Solid -->
43-->[com.onesignal:OneSignal:4.6.3] AndroidManifest.xml:37:5-84
43-->[com.onesignal:OneSignal:4.6.3] AndroidManifest.xml:37:22-81
44    <uses-permission android:name="com.majeur.launcher.permission.UPDATE_BADGE" /> <!-- Huawei -->
44-->[com.onesignal:OneSignal:4.6.3] AndroidManifest.xml:38:5-83
44-->[com.onesignal:OneSignal:4.6.3] AndroidManifest.xml:38:22-80
45    <uses-permission android:name="com.huawei.android.launcher.permission.CHANGE_BADGE" />
45-->[com.onesignal:OneSignal:4.6.3] AndroidManifest.xml:39:5-91
45-->[com.onesignal:OneSignal:4.6.3] AndroidManifest.xml:39:22-88
46    <uses-permission android:name="com.huawei.android.launcher.permission.READ_SETTINGS" />
46-->[com.onesignal:OneSignal:4.6.3] AndroidManifest.xml:40:5-92
46-->[com.onesignal:OneSignal:4.6.3] AndroidManifest.xml:40:22-89
47    <uses-permission android:name="com.huawei.android.launcher.permission.WRITE_SETTINGS" /> <!-- ZUK -->
47-->[com.onesignal:OneSignal:4.6.3] AndroidManifest.xml:41:5-93
47-->[com.onesignal:OneSignal:4.6.3] AndroidManifest.xml:41:22-90
48    <uses-permission android:name="android.permission.READ_APP_BADGE" /> <!-- OPPO -->
48-->[com.onesignal:OneSignal:4.6.3] AndroidManifest.xml:42:5-73
48-->[com.onesignal:OneSignal:4.6.3] AndroidManifest.xml:42:22-70
49    <uses-permission android:name="com.oppo.launcher.permission.READ_SETTINGS" />
49-->[com.onesignal:OneSignal:4.6.3] AndroidManifest.xml:43:5-82
49-->[com.onesignal:OneSignal:4.6.3] AndroidManifest.xml:43:22-79
50    <uses-permission android:name="com.oppo.launcher.permission.WRITE_SETTINGS" /> <!-- EvMe -->
50-->[com.onesignal:OneSignal:4.6.3] AndroidManifest.xml:44:5-83
50-->[com.onesignal:OneSignal:4.6.3] AndroidManifest.xml:44:22-80
51    <uses-permission android:name="me.everything.badger.permission.BADGE_COUNT_READ" />
51-->[com.onesignal:OneSignal:4.6.3] AndroidManifest.xml:45:5-88
51-->[com.onesignal:OneSignal:4.6.3] AndroidManifest.xml:45:22-85
52    <uses-permission android:name="me.everything.badger.permission.BADGE_COUNT_WRITE" />
52-->[com.onesignal:OneSignal:4.6.3] AndroidManifest.xml:46:5-89
52-->[com.onesignal:OneSignal:4.6.3] AndroidManifest.xml:46:22-86
53
54    <uses-feature
54-->[com.google.android.gms:play-services-maps:17.0.0] AndroidManifest.xml:26:5-28:35
55        android:glEsVersion="0x00020000"
55-->[com.google.android.gms:play-services-maps:17.0.0] AndroidManifest.xml:27:9-41
56        android:required="true" />
56-->[com.google.android.gms:play-services-maps:17.0.0] AndroidManifest.xml:28:9-32
57
58    <uses-permission android:name="android.permission.FOREGROUND_SERVICE" />
58-->[androidx.work:work-runtime:2.6.0] AndroidManifest.xml:28:5-77
58-->[androidx.work:work-runtime:2.6.0] AndroidManifest.xml:28:22-74
59
60    <application
60-->src/main/AndroidManifest.xml:11:5-40:19
61        android:name="com.guardioesapp.MainApplication"
61-->src/main/AndroidManifest.xml:12:7-38
62        android:allowBackup="false"
62-->src/main/AndroidManifest.xml:16:7-34
63        android:appComponentFactory="androidx.core.app.CoreComponentFactory"
63-->[androidx.core:core:1.3.2] AndroidManifest.xml:24:18-86
64        android:debuggable="true"
65        android:icon="@mipmap/ic_launcher"
65-->src/main/AndroidManifest.xml:14:7-41
66        android:label="@string/app_name"
66-->src/main/AndroidManifest.xml:13:7-39
67        android:roundIcon="@mipmap/ic_launcher_round"
67-->src/main/AndroidManifest.xml:15:7-52
68        android:theme="@style/AppTheme"
68-->src/main/AndroidManifest.xml:17:7-38
69        android:usesCleartextTraffic="true" >
69-->src/main/AndroidManifest.xml:18:7-42
70        <meta-data
70-->src/main/AndroidManifest.xml:19:7-21:67
71            android:name="com.google.android.geo.API_KEY"
71-->src/main/AndroidManifest.xml:20:9-54
72            android:value="AIzaSyAVPgl2h7uETdFfsK11Chdw4UQy-GAKF0w" />
72-->src/main/AndroidManifest.xml:21:9-64
73
74        <activity
74-->src/main/AndroidManifest.xml:22:7-30:18
75            android:name="com.guardioesapp.SplashActivity"
75-->src/main/AndroidManifest.xml:23:9-39
76            android:label="@string/app_name"
76-->src/main/AndroidManifest.xml:25:9-41
77            android:theme="@style/SplashTheme" >
77-->src/main/AndroidManifest.xml:24:9-43
78            <intent-filter>
78-->src/main/AndroidManifest.xml:26:9-29:25
79                <action android:name="android.intent.action.MAIN" />
79-->src/main/AndroidManifest.xml:27:13-65
79-->src/main/AndroidManifest.xml:27:21-62
80
81                <category android:name="android.intent.category.LAUNCHER" />
81-->src/main/AndroidManifest.xml:28:13-73
81-->src/main/AndroidManifest.xml:28:23-70
82            </intent-filter>
83        </activity>
84        <activity
84-->src/main/AndroidManifest.xml:31:7-38:35
85            android:name="com.guardioesapp.MainActivity"
85-->src/main/AndroidManifest.xml:32:9-37
86            android:configChanges="keyboard|keyboardHidden|orientation|screenSize"
86-->src/main/AndroidManifest.xml:35:9-79
87            android:exported="true"
87-->src/main/AndroidManifest.xml:38:9-32
88            android:label="@string/app_name"
88-->src/main/AndroidManifest.xml:33:9-41
89            android:launchMode="singleTop"
89-->src/main/AndroidManifest.xml:34:9-39
90            android:screenOrientation="portrait"
90-->src/main/AndroidManifest.xml:36:9-45
91            android:windowSoftInputMode="adjustResize" />
91-->src/main/AndroidManifest.xml:37:9-51
92        <activity android:name="com.facebook.react.devsupport.DevSettingsActivity" />
92-->src/main/AndroidManifest.xml:39:7-84
92-->src/main/AndroidManifest.xml:39:17-81
93
94        <provider
94-->[:react-native-image-picker] AndroidManifest.xml:10:9-18:20
95            android:name="com.imagepicker.FileProvider"
95-->[:react-native-image-picker] AndroidManifest.xml:11:13-56
96            android:authorities="com.guardioesapp.provider"
96-->[:react-native-image-picker] AndroidManifest.xml:12:13-60
97            android:exported="false"
97-->[:react-native-image-picker] AndroidManifest.xml:13:13-37
98            android:grantUriPermissions="true" >
98-->[:react-native-image-picker] AndroidManifest.xml:14:13-47
99            <meta-data
99-->[:react-native-image-picker] AndroidManifest.xml:15:13-17:58
100                android:name="android.support.FILE_PROVIDER_PATHS"
100-->[:react-native-image-picker] AndroidManifest.xml:16:17-67
101                android:resource="@xml/provider_paths" />
101-->[:react-native-image-picker] AndroidManifest.xml:17:17-55
102        </provider>
103        <provider
103-->[:react-native-share] AndroidManifest.xml:12:9-20:20
104            android:name="cl.json.RNShareFileProvider"
104-->[:react-native-share] AndroidManifest.xml:13:13-55
105            android:authorities="com.guardioesapp.rnshare.fileprovider"
105-->[:react-native-share] AndroidManifest.xml:14:13-72
106            android:exported="false"
106-->[:react-native-share] AndroidManifest.xml:15:13-37
107            android:grantUriPermissions="true" >
107-->[:react-native-share] AndroidManifest.xml:16:13-47
108            <meta-data
108-->[:react-native-image-picker] AndroidManifest.xml:15:13-17:58
109                android:name="android.support.FILE_PROVIDER_PATHS"
109-->[:react-native-image-picker] AndroidManifest.xml:16:17-67
110                android:resource="@xml/share_download_paths" />
110-->[:react-native-image-picker] AndroidManifest.xml:17:17-55
111        </provider>
112        <provider
112-->[:react-native-webview] AndroidManifest.xml:12:9-20:20
113            android:name="com.reactnativecommunity.webview.RNCWebViewFileProvider"
113-->[:react-native-webview] AndroidManifest.xml:13:13-83
114            android:authorities="com.guardioesapp.fileprovider"
114-->[:react-native-webview] AndroidManifest.xml:14:13-64
115            android:exported="false"
115-->[:react-native-webview] AndroidManifest.xml:15:13-37
116            android:grantUriPermissions="true" >
116-->[:react-native-webview] AndroidManifest.xml:16:13-47
117            <meta-data
117-->[:react-native-image-picker] AndroidManifest.xml:15:13-17:58
118                android:name="android.support.FILE_PROVIDER_PATHS"
118-->[:react-native-image-picker] AndroidManifest.xml:16:17-67
119                android:resource="@xml/file_provider_paths" />
119-->[:react-native-image-picker] AndroidManifest.xml:17:17-55
120        </provider>
121
122        <receiver
122-->[com.onesignal:OneSignal:4.6.3] AndroidManifest.xml:49:9-60:20
123            android:name="com.onesignal.FCMBroadcastReceiver"
123-->[com.onesignal:OneSignal:4.6.3] AndroidManifest.xml:50:13-62
124            android:exported="true"
124-->[com.onesignal:OneSignal:4.6.3] AndroidManifest.xml:51:13-36
125            android:permission="com.google.android.c2dm.permission.SEND" >
125-->[com.onesignal:OneSignal:4.6.3] AndroidManifest.xml:52:13-73
126
127            <!-- High priority so OneSignal payloads can be filtered from other FCM receivers -->
128            <intent-filter android:priority="999" >
128-->[com.onesignal:OneSignal:4.6.3] AndroidManifest.xml:55:13-59:29
128-->[com.onesignal:OneSignal:4.6.3] AndroidManifest.xml:55:28-50
129                <action android:name="com.google.android.c2dm.intent.RECEIVE" />
129-->[com.onesignal:OneSignal:4.6.3] AndroidManifest.xml:56:17-81
129-->[com.onesignal:OneSignal:4.6.3] AndroidManifest.xml:56:25-78
130
131                <category android:name="com.guardioesapp" />
131-->[com.onesignal:OneSignal:4.6.3] AndroidManifest.xml:58:17-61
131-->[com.onesignal:OneSignal:4.6.3] AndroidManifest.xml:58:27-58
132            </intent-filter>
133        </receiver>
134
135        <service
135-->[com.onesignal:OneSignal:4.6.3] AndroidManifest.xml:62:9-68:19
136            android:name="com.onesignal.HmsMessageServiceOneSignal"
136-->[com.onesignal:OneSignal:4.6.3] AndroidManifest.xml:63:13-68
137            android:exported="false" >
137-->[com.onesignal:OneSignal:4.6.3] AndroidManifest.xml:64:13-37
138            <intent-filter>
138-->[com.onesignal:OneSignal:4.6.3] AndroidManifest.xml:65:13-67:29
139                <action android:name="com.huawei.push.action.MESSAGING_EVENT" />
139-->[com.onesignal:OneSignal:4.6.3] AndroidManifest.xml:66:17-81
139-->[com.onesignal:OneSignal:4.6.3] AndroidManifest.xml:66:25-78
140            </intent-filter>
141        </service>
142
143        <activity
143-->[com.onesignal:OneSignal:4.6.3] AndroidManifest.xml:70:9-78:20
144            android:name="com.onesignal.NotificationOpenedActivityHMS"
144-->[com.onesignal:OneSignal:4.6.3] AndroidManifest.xml:71:13-71
145            android:exported="true"
145-->[com.onesignal:OneSignal:4.6.3] AndroidManifest.xml:72:13-36
146            android:noHistory="true"
146-->[com.onesignal:OneSignal:4.6.3] AndroidManifest.xml:73:13-37
147            android:theme="@android:style/Theme.Translucent.NoTitleBar" >
147-->[com.onesignal:OneSignal:4.6.3] AndroidManifest.xml:74:13-72
148            <intent-filter>
148-->[com.onesignal:OneSignal:4.6.3] AndroidManifest.xml:75:13-77:29
149                <action android:name="android.intent.action.VIEW" />
149-->[com.onesignal:OneSignal:4.6.3] AndroidManifest.xml:76:17-69
149-->[com.onesignal:OneSignal:4.6.3] AndroidManifest.xml:76:25-66
150            </intent-filter>
151        </activity>
152
153        <service
153-->[com.onesignal:OneSignal:4.6.3] AndroidManifest.xml:80:9-82:40
154            android:name="com.onesignal.FCMIntentService"
154-->[com.onesignal:OneSignal:4.6.3] AndroidManifest.xml:81:13-58
155            android:exported="false" />
155-->[com.onesignal:OneSignal:4.6.3] AndroidManifest.xml:82:13-37
156        <service
156-->[com.onesignal:OneSignal:4.6.3] AndroidManifest.xml:83:9-86:72
157            android:name="com.onesignal.FCMIntentJobService"
157-->[com.onesignal:OneSignal:4.6.3] AndroidManifest.xml:84:13-61
158            android:exported="false"
158-->[com.onesignal:OneSignal:4.6.3] AndroidManifest.xml:85:13-37
159            android:permission="android.permission.BIND_JOB_SERVICE" />
159-->[com.onesignal:OneSignal:4.6.3] AndroidManifest.xml:86:13-69
160        <service
160-->[com.onesignal:OneSignal:4.6.3] AndroidManifest.xml:87:9-90:43
161            android:name="com.onesignal.FocusDelaySyncService"
161-->[com.onesignal:OneSignal:4.6.3] AndroidManifest.xml:88:13-63
162            android:exported="false"
162-->[com.onesignal:OneSignal:4.6.3] AndroidManifest.xml:89:13-37
163            android:stopWithTask="true" />
163-->[com.onesignal:OneSignal:4.6.3] AndroidManifest.xml:90:13-40
164        <service
164-->[com.onesignal:OneSignal:4.6.3] AndroidManifest.xml:91:9-94:72
165            android:name="com.onesignal.FocusDelaySyncJobService"
165-->[com.onesignal:OneSignal:4.6.3] AndroidManifest.xml:92:13-66
166            android:exported="false"
166-->[com.onesignal:OneSignal:4.6.3] AndroidManifest.xml:93:13-37
167            android:permission="android.permission.BIND_JOB_SERVICE" />
167-->[com.onesignal:OneSignal:4.6.3] AndroidManifest.xml:94:13-69
168        <service
168-->[com.onesignal:OneSignal:4.6.3] AndroidManifest.xml:95:9-98:43
169            android:name="com.onesignal.SyncService"
169-->[com.onesignal:OneSignal:4.6.3] AndroidManifest.xml:96:13-53
170            android:exported="false"
170-->[com.onesignal:OneSignal:4.6.3] AndroidManifest.xml:97:13-37
171            android:stopWithTask="true" />
171-->[com.onesignal:OneSignal:4.6.3] AndroidManifest.xml:98:13-40
172        <service
172-->[com.onesignal:OneSignal:4.6.3] AndroidManifest.xml:99:9-102:72
173            android:name="com.onesignal.SyncJobService"
173-->[com.onesignal:OneSignal:4.6.3] AndroidManifest.xml:100:13-56
174            android:exported="false"
174-->[com.onesignal:OneSignal:4.6.3] AndroidManifest.xml:101:13-37
175            android:permission="android.permission.BIND_JOB_SERVICE" />
175-->[com.onesignal:OneSignal:4.6.3] AndroidManifest.xml:102:13-69
176
177        <activity
177-->[com.onesignal:OneSignal:4.6.3] AndroidManifest.xml:104:9-107:75
178            android:name="com.onesignal.PermissionsActivity"
178-->[com.onesignal:OneSignal:4.6.3] AndroidManifest.xml:105:13-61
179            android:exported="false"
179-->[com.onesignal:OneSignal:4.6.3] AndroidManifest.xml:106:13-37
180            android:theme="@android:style/Theme.Translucent.NoTitleBar" />
180-->[com.onesignal:OneSignal:4.6.3] AndroidManifest.xml:107:13-72
181
182        <receiver
182-->[com.onesignal:OneSignal:4.6.3] AndroidManifest.xml:109:9-111:39
183            android:name="com.onesignal.NotificationDismissReceiver"
183-->[com.onesignal:OneSignal:4.6.3] AndroidManifest.xml:110:13-69
184            android:exported="true" />
184-->[com.onesignal:OneSignal:4.6.3] AndroidManifest.xml:111:13-36
185        <receiver
185-->[com.onesignal:OneSignal:4.6.3] AndroidManifest.xml:112:9-119:20
186            android:name="com.onesignal.BootUpReceiver"
186-->[com.onesignal:OneSignal:4.6.3] AndroidManifest.xml:113:13-56
187            android:exported="true" >
187-->[com.onesignal:OneSignal:4.6.3] AndroidManifest.xml:114:13-36
188            <intent-filter>
188-->[com.onesignal:OneSignal:4.6.3] AndroidManifest.xml:115:13-118:29
189                <action android:name="android.intent.action.BOOT_COMPLETED" />
189-->[com.onesignal:OneSignal:4.6.3] AndroidManifest.xml:116:17-79
189-->[com.onesignal:OneSignal:4.6.3] AndroidManifest.xml:116:25-76
190                <action android:name="android.intent.action.QUICKBOOT_POWERON" />
190-->[com.onesignal:OneSignal:4.6.3] AndroidManifest.xml:117:17-82
190-->[com.onesignal:OneSignal:4.6.3] AndroidManifest.xml:117:25-79
191            </intent-filter>
192        </receiver>
193        <receiver
193-->[com.onesignal:OneSignal:4.6.3] AndroidManifest.xml:120:9-126:20
194            android:name="com.onesignal.UpgradeReceiver"
194-->[com.onesignal:OneSignal:4.6.3] AndroidManifest.xml:121:13-57
195            android:exported="true" >
195-->[com.onesignal:OneSignal:4.6.3] AndroidManifest.xml:122:13-36
196            <intent-filter>
196-->[com.onesignal:OneSignal:4.6.3] AndroidManifest.xml:123:13-125:29
197                <action android:name="android.intent.action.MY_PACKAGE_REPLACED" />
197-->[com.onesignal:OneSignal:4.6.3] AndroidManifest.xml:124:17-84
197-->[com.onesignal:OneSignal:4.6.3] AndroidManifest.xml:124:25-81
198            </intent-filter>
199        </receiver>
200
201        <activity
201-->[com.onesignal:OneSignal:4.6.3] AndroidManifest.xml:128:9-134:75
202            android:name="com.onesignal.NotificationOpenedReceiver"
202-->[com.onesignal:OneSignal:4.6.3] AndroidManifest.xml:129:13-68
203            android:excludeFromRecents="true"
203-->[com.onesignal:OneSignal:4.6.3] AndroidManifest.xml:130:13-46
204            android:exported="true"
204-->[com.onesignal:OneSignal:4.6.3] AndroidManifest.xml:131:13-36
205            android:noHistory="true"
205-->[com.onesignal:OneSignal:4.6.3] AndroidManifest.xml:132:13-37
206            android:taskAffinity=""
206-->[com.onesignal:OneSignal:4.6.3] AndroidManifest.xml:133:13-36
207            android:theme="@android:style/Theme.Translucent.NoTitleBar" />
207-->[com.onesignal:OneSignal:4.6.3] AndroidManifest.xml:134:13-72
208        <activity
208-->[com.onesignal:OneSignal:4.6.3] AndroidManifest.xml:135:9-140:75
209            android:name="com.onesignal.NotificationOpenedReceiverAndroid22AndOlder"
209-->[com.onesignal:OneSignal:4.6.3] AndroidManifest.xml:136:13-85
210            android:excludeFromRecents="true"
210-->[com.onesignal:OneSignal:4.6.3] AndroidManifest.xml:137:13-46
211            android:exported="true"
211-->[com.onesignal:OneSignal:4.6.3] AndroidManifest.xml:138:13-36
212            android:noHistory="true"
212-->[com.onesignal:OneSignal:4.6.3] AndroidManifest.xml:139:13-37
213            android:theme="@android:style/Theme.Translucent.NoTitleBar" />
213-->[com.onesignal:OneSignal:4.6.3] AndroidManifest.xml:140:13-72
214
215        <receiver
215-->[com.google.firebase:firebase-messaging:22.0.0] AndroidManifest.xml:28:9-35:20
216            android:name="com.google.firebase.iid.FirebaseInstanceIdReceiver"
216-->[com.google.firebase:firebase-messaging:22.0.0] AndroidManifest.xml:29:13-78
217            android:exported="true"
217-->[com.google.firebase:firebase-messaging:22.0.0] AndroidManifest.xml:30:13-36
218            android:permission="com.google.android.c2dm.permission.SEND" >
218-->[com.google.firebase:firebase-messaging:22.0.0] AndroidManifest.xml:31:13-73
219            <intent-filter>
219-->[com.google.firebase:firebase-messaging:22.0.0] AndroidManifest.xml:32:13-34:29
220                <action android:name="com.google.android.c2dm.intent.RECEIVE" />
220-->[com.onesignal:OneSignal:4.6.3] AndroidManifest.xml:56:17-81
220-->[com.onesignal:OneSignal:4.6.3] AndroidManifest.xml:56:25-78
221            </intent-filter>
222        </receiver>
223        <!--
224             FirebaseMessagingService performs security checks at runtime,
225             but set to not exported to explicitly avoid allowing another app to call it.
226        -->
227        <service
227-->[com.google.firebase:firebase-messaging:22.0.0] AndroidManifest.xml:41:9-48:19
228            android:name="com.google.firebase.messaging.FirebaseMessagingService"
228-->[com.google.firebase:firebase-messaging:22.0.0] AndroidManifest.xml:42:13-82
229            android:directBootAware="true"
229-->[com.google.firebase:firebase-messaging:22.0.0] AndroidManifest.xml:43:13-43
230            android:exported="false" >
230-->[com.google.firebase:firebase-messaging:22.0.0] AndroidManifest.xml:44:13-37
231            <intent-filter android:priority="-500" >
231-->[com.google.firebase:firebase-messaging:22.0.0] AndroidManifest.xml:45:13-47:29
231-->[com.google.firebase:firebase-messaging:22.0.0] AndroidManifest.xml:45:28-51
232                <action android:name="com.google.firebase.MESSAGING_EVENT" />
232-->[com.google.firebase:firebase-messaging:22.0.0] AndroidManifest.xml:46:17-78
232-->[com.google.firebase:firebase-messaging:22.0.0] AndroidManifest.xml:46:25-75
233            </intent-filter>
234        </service>
235        <service
235-->[com.google.firebase:firebase-messaging:22.0.0] AndroidManifest.xml:49:9-55:19
236            android:name="com.google.firebase.components.ComponentDiscoveryService"
236-->[com.google.firebase:firebase-messaging:22.0.0] AndroidManifest.xml:50:13-84
237            android:directBootAware="true"
237-->[com.google.firebase:firebase-common:20.0.0] AndroidManifest.xml:35:13-43
238            android:exported="false" >
238-->[com.google.firebase:firebase-messaging:22.0.0] AndroidManifest.xml:51:13-37
239            <meta-data
239-->[com.google.firebase:firebase-messaging:22.0.0] AndroidManifest.xml:52:13-54:85
240                android:name="com.google.firebase.components:com.google.firebase.messaging.FirebaseMessagingRegistrar"
240-->[com.google.firebase:firebase-messaging:22.0.0] AndroidManifest.xml:53:17-119
241                android:value="com.google.firebase.components.ComponentRegistrar" />
241-->[com.google.firebase:firebase-messaging:22.0.0] AndroidManifest.xml:54:17-82
242            <meta-data
242-->[com.google.firebase:firebase-datatransport:18.0.0] AndroidManifest.xml:28:13-30:85
243                android:name="com.google.firebase.components:com.google.firebase.datatransport.TransportRegistrar"
243-->[com.google.firebase:firebase-datatransport:18.0.0] AndroidManifest.xml:29:17-115
244                android:value="com.google.firebase.components.ComponentRegistrar" />
244-->[com.google.firebase:firebase-datatransport:18.0.0] AndroidManifest.xml:30:17-82
245            <meta-data
245-->[com.google.firebase:firebase-installations:17.0.0] AndroidManifest.xml:18:13-20:85
246                android:name="com.google.firebase.components:com.google.firebase.installations.FirebaseInstallationsRegistrar"
246-->[com.google.firebase:firebase-installations:17.0.0] AndroidManifest.xml:19:17-127
247                android:value="com.google.firebase.components.ComponentRegistrar" />
247-->[com.google.firebase:firebase-installations:17.0.0] AndroidManifest.xml:20:17-82
248        </service>
249        <service
249-->[com.google.android.datatransport:transport-backend-cct:3.0.0] AndroidManifest.xml:29:9-35:19
250            android:name="com.google.android.datatransport.runtime.backends.TransportBackendDiscovery"
250-->[com.google.android.datatransport:transport-backend-cct:3.0.0] AndroidManifest.xml:30:13-103
251            android:exported="false" >
251-->[com.google.android.datatransport:transport-backend-cct:3.0.0] AndroidManifest.xml:31:13-37
252            <meta-data
252-->[com.google.android.datatransport:transport-backend-cct:3.0.0] AndroidManifest.xml:32:13-34:39
253                android:name="backend:com.google.android.datatransport.cct.CctBackendFactory"
253-->[com.google.android.datatransport:transport-backend-cct:3.0.0] AndroidManifest.xml:33:17-94
254                android:value="cct" />
254-->[com.google.android.datatransport:transport-backend-cct:3.0.0] AndroidManifest.xml:34:17-36
255        </service>
256        <service
256-->[com.google.android.datatransport:transport-runtime:3.0.0] AndroidManifest.xml:26:9-30:19
257            android:name="com.google.android.datatransport.runtime.scheduling.jobscheduling.JobInfoSchedulerService"
257-->[com.google.android.datatransport:transport-runtime:3.0.0] AndroidManifest.xml:27:13-117
258            android:exported="false"
258-->[com.google.android.datatransport:transport-runtime:3.0.0] AndroidManifest.xml:28:13-37
259            android:permission="android.permission.BIND_JOB_SERVICE" >
259-->[com.google.android.datatransport:transport-runtime:3.0.0] AndroidManifest.xml:29:13-69
260        </service>
261
262        <receiver
262-->[com.google.android.datatransport:transport-runtime:3.0.0] AndroidManifest.xml:32:9-34:40
263            android:name="com.google.android.datatransport.runtime.scheduling.jobscheduling.AlarmManagerSchedulerBroadcastReceiver"
263-->[com.google.android.datatransport:transport-runtime:3.0.0] AndroidManifest.xml:33:13-132
264            android:exported="false" /> <!-- Needs to be explicitly declared on P+ -->
264-->[com.google.android.datatransport:transport-runtime:3.0.0] AndroidManifest.xml:34:13-37
265        <uses-library
265-->[com.google.android.gms:play-services-maps:17.0.0] AndroidManifest.xml:33:9-35:40
266            android:name="org.apache.http.legacy"
266-->[com.google.android.gms:play-services-maps:17.0.0] AndroidManifest.xml:34:13-50
267            android:required="false" />
267-->[com.google.android.gms:play-services-maps:17.0.0] AndroidManifest.xml:35:13-37
268
269        <activity
269-->[com.google.android.gms:play-services-base:17.0.0] AndroidManifest.xml:23:9-26:75